Drill Listing
=============
Drill: .01181  Tool: 1  Feed: 95  Speed: 300
X 163976  Y 181692
X 190551  Y 181692
X 220472  Y 181692
X 250590  Y 181692
X 265269  Y 181646
X 265157  Y 209448
X 265157  Y 239370
X 180511  Y 237992
X 163976  Y 237992
X 164173  Y 273228
X 187401  Y 277952
X 189173  Y 261417
X 196850  Y 269291
X 199409  Y 258858
X 220372  Y 276211
X 265157  Y 276377
X 265157  Y 314370
X 187598  Y 293307
X 168110  Y 283267
X 164173  Y 293897
X 163976  Y 314566
X 163976  Y 353149
X 177165  Y 344685
X 187401  Y 335236
X 191141  Y 353149
X 221282  Y 352751
X 241535  Y 335629
X 244881  Y 352952
X 251377  Y 338188
X 265157  Y 352952
X 265157  Y 390551
X 254724  Y 357677
X 187598  Y 370472
X 177755  Y 362598
X 163976  Y 391141
X 163976  Y 429921
X 180708  Y 424606
X 187401  Y 412007
X 196062  Y 423622
X 199409  Y 412598
X 253149  Y 412992
X 255511  Y 430314
X 265157  Y 429724
X 265157  Y 468110
X 253543  Y 447637
X 183858  Y 453346
X 163976  Y 467716
X 163976  Y 492519
X 170275  Y 499803
X 170275  Y 515551
X 183661  Y 527362
X 183858  Y 506692
X 220392  Y 506751
X 241535  Y 489370
X 252362  Y 521653
X 253346  Y 489173
X 253346  Y 509448
X 265157  Y 506692
X 265193  Y 544762
X 251377  Y 568897
X 196850  Y 576377
X 187598  Y 566929
X 180511  Y 580708
X 168897  Y 561417
X 168897  Y 541535
X 168307  Y 576181
X 163976  Y 571850
X 163976  Y 600787
X 181496  Y 592913
X 184645  Y 589173
X 185236  Y 597244
X 185236  Y 604330
X 192322  Y 597244
X 192322  Y 604330
X 200590  Y 584251
X 200787  Y 595669
X 205905  Y 584055
X 209055  Y 592125
X 210433  Y 584055
X 212401  Y 599409
X 212598  Y 593897
X 214370  Y 583464
X 215551  Y 605511
X 218897  Y 603543
X 222047  Y 603543
X 228543  Y 599212
X 231889  Y 601181
X 233661  Y 596456
X 238385  Y 581889
X 244881  Y 606102
X 248622  Y 592519
X 250590  Y 606102
X 265157  Y 582086
X 265157  Y 603543
X 265157  Y 622244
X 261417  Y 625984
X 248818  Y 620275
X 232672  Y 608601
X 230314  Y 620275
X 228543  Y 607677
X 224803  Y 626574
X 223818  Y 613779
X 212401  Y 607874
X 210629  Y 620275
X 208464  Y 626574
X 193897  Y 622637
X 190551  Y 631496
X 180905  Y 608661
X 178149  Y 622047
X 163976  Y 628543
X 163976  Y 661220
X 176377  Y 650196
X 176377  Y 662204
X 261811  Y 679921
X 265220  Y 659599
X 265157  Y 704330
X 250984  Y 704330
X 244881  Y 700590
X 220472  Y 704330
X 194881  Y 700787
X 190157  Y 704330
X 163976  Y 704330

Drill: .012  Tool: 2  Feed: 95  Speed: 300
X 208661  Y 605314
X 260039  Y 611023
X 245669  Y 611023
X 217125  Y 613779
X 205905  Y 617322

Drill: .039  Tool: 3  Feed: 197  Speed: 550
X 238385  Y 596102
X 242385  Y 616102
X 234385  Y 616102

Drill: .09843  Tool: 4  Feed: 66  Speed: 550
X 182677  Y 188582
X 258267  Y 188582
X 258267  Y 697244
X 182677  Y 697244

Drill: .15157  Tool: 5  Feed: 35  Speed: 900
X 220472  Y 223645
X 220472  Y 251874
X 220472  Y 300464
X 220472  Y 328692
X 220472  Y 377283
X 220472  Y 405511
X 220472  Y 454114
X 220472  Y 482342
X 220472  Y 530925
X 220472  Y 559153

Drill: .27559  Tool: 6  Feed: 0  Speed: 0
X 220472  Y 661118

End of Listing
