Drill Listing
=============
Drill: .012  Tool: 1  Feed: 95  Speed: 300
X 1009270  Y 1014210
X 1008300  Y 1033240
X 1027200  Y 1039000
X 1009100  Y 1047100
X 1008500  Y 1052500
X 1026700  Y 1054920
X 1019050  Y 1057650
X 1006850  Y 1060240
X 1018500  Y 1062500
X 1029500  Y 1063900
X 1021800  Y 1066000
X 1018500  Y 1067500
X 1006600  Y 1067500
X 1021800  Y 1069900
X 1006210  Y 1071520
X 1050020  Y 1070760
X 1044500  Y 1070020
X 1052220  Y 1068150
X 1031920  Y 1062070
X 1053000  Y 1006200
X 1068980  Y 1009250
X 1065720  Y 1027380
X 1057600  Y 1048400
X 1075000  Y 1065800
X 1076400  Y 1071960
X 1064100  Y 1076000
X 1069730  Y 1077020
X 1113300  Y 1074030
X 1108900  Y 1062310
X 1129000  Y 1046490
X 1094200  Y 1039000
X 1110200  Y 1022600
X 1107350  Y 1011700

Drill: .02  Tool: 2  Feed: 197  Speed: 550
X 1096712  Y 1016929
X 1099212  Y 1021259
X 1101712  Y 1025589
X 1090156  Y 1068366
X 1085826  Y 1070866
X 1081496  Y 1073366

Drill: .039  Tool: 3  Feed: 197  Speed: 550
X 1013500  Y 1045000
X 1009500  Y 1075000
X 1017500  Y 1075000

Drill: .03937  Tool: 4  Feed: 197  Speed: 550
X 1039707  Y 1026308 X 1031500  Y 1022481
X 1103933  Y 1056258 X 1095726  Y 1052431

End of Listing
