Drill Listing
=============
Drill: .012  Tool: 1  Feed: 95  Speed: 300
X 246681  Y 439000
X 257000  Y 419000
X 268550  Y 431500
X 326319  Y 434000
X 333550  Y 441500
X 339000  Y 430000
X 359000  Y 430000
X 391319  Y 434000
X 387700  Y 449500
X 387700  Y 459900
X 383700  Y 458100
X 364450  Y 451500
X 333550  Y 451500
X 331200  Y 462000
X 326319  Y 444000
X 326319  Y 454000
X 276681  Y 459000
X 270000  Y 457000
X 246681  Y 459000
X 328000  Y 484500
X 335680  Y 503383
X 336200  Y 489000
X 341681  Y 469000
X 361000  Y 477000
X 386700  Y 482500
X 400950  Y 477000
X 408319  Y 527000
X 356500  Y 541050
X 351500  Y 541050
X 336319  Y 519000
X 330300  Y 524600
X 329000  Y 539000
X 282050  Y 539000
X 321681  Y 549000
X 321681  Y 569000
X 332000  Y 564900
X 356500  Y 561050
X 369000  Y 555000
X 369000  Y 576000
X 247450  Y 640060
X 247425  Y 604225
X 235225  Y 621598

Drill: .035  Tool: 2  Feed: 197  Speed: 550
X 352000  Y 518000
X 352000  Y 508000
X 352000  Y 498000
X 382000  Y 498000
X 382000  Y 508000
X 382000  Y 518000
X 382000  Y 528000
X 352000  Y 528000

Drill: .04  Tool: 3  Feed: 139  Speed: 550
X 264000  Y 494000
X 264000  Y 504000

Drill: .05  Tool: 4  Feed: 107  Speed: 550
X 264000  Y 474000
X 264000  Y 519000

End of Listing
