Drill Listing
=============
Drill: .011  Tool: 1  Feed: 95  Speed: 300
X 255155  Y 426244
X 258032  Y 446103
X 259803  Y 421693
X 260196  Y 441991
X 261477  Y 437718
X 264105  Y 444800
X 277276  Y 421759
X 289009  Y 445598
X 289296  Y 438563
X 294449  Y 421693
X 302603  Y 439052
X 314626  Y 440165
X 327126  Y 440665
X 331965  Y 441316
X 335595  Y 440165
X 357935  Y 443411
X 366185  Y 442606
X 372126  Y 440165
X 372370  Y 421716
X 377106  Y 427038
X 382275  Y 429282
X 385661  Y 428270
X 388321  Y 445990
X 389976  Y 428025
X 390497  Y 433758
X 394192  Y 428310
X 397439  Y 430244
X 399255  Y 443931
X 401646  Y 421741
X 403165  Y 442737
X 393141  Y 446963
X 390777  Y 455022
X 387035  Y 449756
X 386808  Y 466168
X 380509  Y 459027
X 375064  Y 453339
X 358526  Y 448372
X 355188  Y 450516
X 353626  Y 461665
X 349612  Y 457726
X 348662  Y 461297
X 347577  Y 450214
X 340338  Y 456877
X 339970  Y 450099
X 335892  Y 469675
X 334532  Y 466382
X 333338  Y 457808
X 322731  Y 459808
X 317429  Y 459480
X 313854  Y 450006
X 313126  Y 460165
X 310626  Y 457665
X 302166  Y 464440
X 302098  Y 457940
X 298126  Y 454165
X 292126  Y 450665
X 284626  Y 471665
X 280276  Y 459427
X 275126  Y 460165
X 274126  Y 456165
X 273583  Y 449351
X 261181  Y 470928
X 278311  Y 486873
X 279158  Y 495166
X 283425  Y 494550
X 286475  Y 482165
X 287460  Y 489109
X 288763  Y 474283
X 301320  Y 491155
X 301796  Y 483260
X 311294  Y 485893
X 315626  Y 473665
X 319892  Y 475347
X 324723  Y 473684
X 325731  Y 493106
X 329101  Y 477811
X 332716  Y 478995
X 340755  Y 478153
X 341578  Y 481919
X 358793  Y 496197
X 359203  Y 473607
X 362011  Y 494961
X 362362  Y 477224
X 367942  Y 488386
X 375288  Y 487807
X 380866  Y 475174
X 380940  Y 488560
X 375219  Y 499592
X 375126  Y 521165
X 370777  Y 500185
X 367676  Y 497784
X 362362  Y 499633
X 361407  Y 517645
X 358390  Y 499598
X 357469  Y 514003
X 357117  Y 518156
X 336447  Y 518255
X 331860  Y 508890
X 329867  Y 518255
X 318606  Y 505032
X 302580  Y 511572
X 302443  Y 519026
X 302126  Y 505665
X 301905  Y 501193
X 301725  Y 515796
X 297427  Y 510843
X 297401  Y 502818
X 274898  Y 499393
X 271626  Y 524665
X 284400  Y 534809
X 297401  Y 526724
X 297401  Y 533952
X 302381  Y 538645
X 304626  Y 534665
X 307143  Y 530245
X 313626  Y 531665
X 323812  Y 538562
X 327429  Y 545177
X 338442  Y 542584
X 340126  Y 545865
X 340584  Y 538079
X 341573  Y 525967
X 342604  Y 533452
X 350171  Y 538680
X 356626  Y 524849
X 356757  Y 538645
X 357126  Y 532665
X 357834  Y 528999
X 367832  Y 521927
X 369626  Y 546665
X 369953  Y 542764
X 371626  Y 537665
X 371884  Y 522273
X 377045  Y 536993
X 380392  Y 539214
X 388109  Y 571066
X 387362  Y 559930
X 383818  Y 554786
X 377520  Y 556384
X 367480  Y 571322
X 364983  Y 552573
X 363874  Y 559239
X 363388  Y 562641
X 362980  Y 555380
X 362165  Y 549668
X 359626  Y 557665
X 357415  Y 568177
X 354182  Y 565137
X 342078  Y 566740
X 340945  Y 562039
X 337165  Y 565023
X 324835  Y 549521
X 316139  Y 554254
X 311306  Y 554495
X 279886  Y 554391
X 272008  Y 578977
X 276535  Y 578212
X 286377  Y 578212
X 294176  Y 581709
X 302626  Y 579665
X 306063  Y 577014
X 318077  Y 584345
X 320824  Y 592770
X 337953  Y 582087
X 341889  Y 577818
X 352913  Y 590810
X 356653  Y 595141
X 358228  Y 591401
X 360590  Y 576834
X 363346  Y 572109
X 369126  Y 590165
X 374126  Y 580665
X 381035  Y 585383
X 381126  Y 580165
X 384031  Y 582070
X 388150  Y 620243
X 381126  Y 612665
X 375157  Y 613251
X 373582  Y 621125
X 369126  Y 597665
X 362126  Y 616165
X 360891  Y 612765
X 358632  Y 601763
X 352711  Y 602025
X 350282  Y 597665
X 348188  Y 617975
X 347205  Y 621516
X 343303  Y 599330
X 339311  Y 618980
X 337615  Y 615867
X 317126  Y 615665
X 291626  Y 607165
X 264331  Y 596699
X 301725  Y 628933
X 322008  Y 644644
X 323582  Y 622109
X 327126  Y 623487
X 344055  Y 643369
X 344152  Y 643075
X 374173  Y 634511
X 393267  Y 643369
X 395433  Y 636873
X 403188  Y 648271
X 403110  Y 663448
X 398248  Y 669073
X 392283  Y 647306
X 392244  Y 657306
X 392046  Y 665906
X 391850  Y 660731
X 382724  Y 667153
X 380197  Y 651736
X 371295  Y 649212
X 339921  Y 662267
X 333961  Y 657765
X 323892  Y 668326
X 318048  Y 663956
X 305485  Y 669105
X 303431  Y 671860
X 315314  Y 688054
X 317486  Y 672875
X 322288  Y 672189
X 333818  Y 676834
X 360126  Y 673665
X 360589  Y 686628
X 368271  Y 692810
X 373866  Y 690628
X 388316  Y 673975
X 390510  Y 676639
X 393188  Y 687208
X 403337  Y 677376
X 403337  Y 682061
X 395273  Y 719759
X 383228  Y 700062
X 380958  Y 706532
X 372795  Y 705968
X 372795  Y 708723
X 370039  Y 708723
X 370039  Y 705968
X 367126  Y 699665
X 353626  Y 719165
X 347007  Y 706361
X 327653  Y 711456
X 322008  Y 721463
X 316496  Y 706778
X 304291  Y 714826
X 303742  Y 705343
X 301535  Y 698684
X 298582  Y 714826
X 272992  Y 716204
X 267677  Y 740877
X 267781  Y 730318
X 272992  Y 739432
X 280126  Y 740665
X 283626  Y 737665
X 286985  Y 722810
X 297682  Y 725318
X 299173  Y 735298
X 312607  Y 728898
X 315868  Y 727928
X 332469  Y 743296
X 343661  Y 721693
X 347401  Y 739432
X 349840  Y 743370
X 351126  Y 733665
X 359931  Y 737612
X 359931  Y 734211
X 365699  Y 742316
X 370039  Y 731164
X 370039  Y 728605
X 372795  Y 728605
X 372795  Y 731164
X 393605  Y 739119
X 396247  Y 746044
X 401837  Y 753651
X 397930  Y 770350
X 380626  Y 750665
X 378973  Y 771075
X 361181  Y 757149
X 361181  Y 754196
X 322007  Y 748028
X 301725  Y 770355
X 291299  Y 755892
X 283425  Y 755892
X 275551  Y 755892
X 273441  Y 770355
X 267677  Y 755892
X 287583  Y 784497
X 326141  Y 783330
X 328677  Y 795956
X 329881  Y 788645
X 329881  Y 779309
X 343626  Y 774665
X 350126  Y 794165
X 359626  Y 794165
X 362812  Y 771924
X 371511  Y 788972
X 372175  Y 775033
X 376126  Y 782665
X 390534  Y 786086
X 386578  Y 798639
X 379178  Y 803586
X 370433  Y 797700
X 362666  Y 813684
X 361181  Y 818566
X 343661  Y 798268
X 340055  Y 813766
X 322008  Y 798281
X 315868  Y 812781
X 301725  Y 798639
X 298126  Y 813665
X 287362  Y 810375
X 280286  Y 809770
X 278307  Y 817975
X 274163  Y 820766
X 273441  Y 798639
X 280669  Y 833254
X 286969  Y 833254
X 316131  Y 836540
X 322008  Y 826512
X 334345  Y 822531
X 343465  Y 822087
X 345986  Y 844350
X 354488  Y 835124
X 372436  Y 841065
X 386578  Y 826923
X 386578  Y 855207
X 372436  Y 869349
X 358294  Y 855207
X 342283  Y 864629
X 333380  Y 869562
X 329367  Y 869738
X 327381  Y 864590
X 301725  Y 855207
X 287583  Y 869349
X 273441  Y 855207
X 273948  Y 880766
X 301725  Y 883492
X 321402  Y 874645
X 325814  Y 886137
X 329805  Y 890258
X 333146  Y 887655
X 337935  Y 877727
X 358294  Y 883492
X 386578  Y 883492
X 372436  Y 897634
X 358294  Y 911776
X 344152  Y 897634
X 330010  Y 911776
X 315868  Y 897634
X 301725  Y 911776
X 286459  Y 897780
X 301725  Y 940060
X 315868  Y 925918
X 322603  Y 937423
X 329881  Y 937309
X 344152  Y 925918
X 358294  Y 940060
X 372436  Y 954202
X 342480  Y 973938
X 329881  Y 975062
X 329881  Y 972109
X 317283  Y 972700
X 306949  Y 959384
X 287583  Y 954202

Drill: .035  Tool: 2  Feed: 197  Speed: 550
X 367381  Y 424590
X 367381  Y 437090
X 396023  Y 452031
X 339133  Y 552227
X 292086  Y 494353
X 256653  Y 593684
X 256653  Y 573684
X 256653  Y 583684
X 345826  Y 592975
X 352322  Y 573881
X 341889  Y 698290
X 298779  Y 840023
X 303110  Y 829983
X 352322  Y 785889
X 362440  Y 989038
X 352440  Y 989038
X 317381  Y 864590
X 307322  Y 989038
X 297322  Y 989038

Drill: .039  Tool: 3  Feed: 197  Speed: 550
X 398188  Y 640771
X 402188  Y 670771
X 402188  Y 694708
X 398188  Y 674708
X 394188  Y 694708
X 394188  Y 670771

Drill: .07087  Tool: 4  Feed: 81  Speed: 550
X 292086  Y 462660
X 367677  Y 462660
X 367677  Y 971322
X 292086  Y 971322

End of Listing
