Drill Listing
=============
Drill: .012  Tool: 1  Feed: 95  Speed: 300
X 1004450  Y 1009000
X 1007860  Y 1031500
X 1021500  Y 1046600
X 1006500  Y 1050000
X 1021500  Y 1052500
X 1008500  Y 1052500
X 1006600  Y 1062500
X 1018500  Y 1062500
X 1008600  Y 1067500
X 1018500  Y 1067500
X 1006600  Y 1072000
X 1021500  Y 1077700
X 1035950  Y 1068600
X 1033000  Y 1067300
X 1031510  Y 1055490
X 1046740  Y 1045770
X 1044200  Y 1039000
X 1044500  Y 1010100
X 1056000  Y 1012200
X 1067000  Y 1012200
X 1078000  Y 1012200
X 1059000  Y 1025800
X 1060050  Y 1045930
X 1059220  Y 1049200
X 1065640  Y 1064710
X 1071470  Y 1068090
X 1073880  Y 1078700
X 1085320  Y 1062370
X 1129010  Y 1046260
X 1100000  Y 1012200

Drill: .039  Tool: 2  Feed: 197  Speed: 550
X 1013500  Y 1045000
X 1009500  Y 1075000
X 1017500  Y 1075000

Drill: .03937  Tool: 3  Feed: 197  Speed: 550
X 1037864  Y 1031371 X 1029117  Y 1029027
X 1106316  Y 1049712 X 1097569  Y 1047368

End of Listing
